{"/Users/talmai/Devel/wlq/packages/wlq-api/src/rest.ts": {"path":"/Users/talmai/Devel/wlq/packages/wlq-api/src/rest.ts","statementMap":{"0":{"start":{"line":3,"column":4},"end":{"line":3,"column":null}},"1":{"start":{"line":2,"column":21},"end":{"line":2,"column":39}},"2":{"start":{"line":1,"column":0},"end":{"line":1,"column":13}}},"fnMap":{"0":{"name":"(anonymous_0)","decl":{"start":{"line":2,"column":2},"end":{"line":2,"column":21}},"loc":{"start":{"line":2,"column":54},"end":{"line":4,"column":3}}}},"branchMap":{},"s":{"0":3,"1":3,"2":2},"f":{"0":3},"b":{}}
,"/Users/talmai/Devel/wlq/packages/wlq-api/src/ws.ts": {"path":"/Users/talmai/Devel/wlq/packages/wlq-api/src/ws.ts","statementMap":{"0":{"start":{"line":1,"column":0},"end":{"line":1,"column":42}},"1":{"start":{"line":2,"column":0},"end":{"line":2,"column":63}},"2":{"start":{"line":9,"column":13},"end":{"line":12,"column":null}},"3":{"start":{"line":12,"column":20},"end":{"line":12,"column":36}},"4":{"start":{"line":24,"column":13},"end":{"line":28,"column":null}},"5":{"start":{"line":28,"column":25},"end":{"line":28,"column":68}},"6":{"start":{"line":61,"column":13},"end":{"line":87,"column":null}},"7":{"start":{"line":66,"column":2},"end":{"line":86,"column":null}},"8":{"start":{"line":67,"column":4},"end":{"line":73,"column":null}},"9":{"start":{"line":68,"column":6},"end":{"line":72,"column":null}},"10":{"start":{"line":69,"column":8},"end":{"line":69,"column":null}},"11":{"start":{"line":70,"column":13},"end":{"line":72,"column":null}},"12":{"start":{"line":71,"column":8},"end":{"line":71,"column":null}},"13":{"start":{"line":75,"column":4},"end":{"line":75,"column":null}},"14":{"start":{"line":76,"column":16},"end":{"line":76,"column":39}},"15":{"start":{"line":77,"column":4},"end":{"line":81,"column":null}},"16":{"start":{"line":78,"column":6},"end":{"line":78,"column":null}},"17":{"start":{"line":79,"column":11},"end":{"line":81,"column":null}},"18":{"start":{"line":80,"column":6},"end":{"line":80,"column":null}},"19":{"start":{"line":82,"column":4},"end":{"line":85,"column":null}}},"fnMap":{"0":{"name":"(anonymous_0)","decl":{"start":{"line":9,"column":28},"end":{"line":9,"column":null}},"loc":{"start":{"line":12,"column":20},"end":{"line":12,"column":36}}},"1":{"name":"(anonymous_1)","decl":{"start":{"line":24,"column":33},"end":{"line":24,"column":null}},"loc":{"start":{"line":28,"column":25},"end":{"line":28,"column":68}}},"2":{"name":"(anonymous_2)","decl":{"start":{"line":61,"column":31},"end":{"line":61,"column":36}},"loc":{"start":{"line":65,"column":4},"end":{"line":87,"column":1}}}},"branchMap":{"0":{"loc":{"start":{"line":68,"column":6},"end":{"line":72,"column":null}},"type":"if","locations":[{"start":{"line":68,"column":6},"end":{"line":72,"column":null}},{"start":{"line":68,"column":6},"end":{"line":72,"column":null}}]},"1":{"loc":{"start":{"line":70,"column":13},"end":{"line":72,"column":null}},"type":"if","locations":[{"start":{"line":70,"column":13},"end":{"line":72,"column":null}},{"start":{"line":70,"column":13},"end":{"line":72,"column":null}}]},"2":{"loc":{"start":{"line":77,"column":4},"end":{"line":81,"column":null}},"type":"if","locations":[{"start":{"line":77,"column":4},"end":{"line":81,"column":null}},{"start":{"line":77,"column":4},"end":{"line":81,"column":null}}]},"3":{"loc":{"start":{"line":79,"column":11},"end":{"line":81,"column":null}},"type":"if","locations":[{"start":{"line":79,"column":11},"end":{"line":81,"column":null}},{"start":{"line":79,"column":11},"end":{"line":81,"column":null}}]}},"s":{"0":1,"1":1,"2":1,"3":0,"4":1,"5":3,"6":1,"7":0,"8":0,"9":0,"10":0,"11":0,"12":0,"13":0,"14":0,"15":0,"16":0,"17":0,"18":0,"19":0},"f":{"0":0,"1":3,"2":0},"b":{"0":[0,0],"1":[0,0],"2":[0,0],"3":[0,0]}}
,"/Users/talmai/Devel/wlq/packages/wlq-api/src/room/createRoom.ts": {"path":"/Users/talmai/Devel/wlq/packages/wlq-api/src/room/createRoom.ts","statementMap":{"0":{"start":{"line":1,"column":0},"end":{"line":1,"column":77}},"1":{"start":{"line":5,"column":19},"end":{"line":12,"column":1}},"2":{"start":{"line":9,"column":13},"end":{"line":9,"column":56}},"3":{"start":{"line":10,"column":2},"end":{"line":10,"column":null}},"4":{"start":{"line":11,"column":2},"end":{"line":11,"column":null}},"5":{"start":{"line":14,"column":0},"end":{"line":14,"column":null}}},"fnMap":{"0":{"name":"(anonymous_0)","decl":{"start":{"line":5,"column":19},"end":{"line":5,"column":24}},"loc":{"start":{"line":8,"column":48},"end":{"line":12,"column":1}}}},"branchMap":{},"s":{"0":1,"1":1,"2":2,"3":1,"4":1,"5":1},"f":{"0":2},"b":{}}
,"/Users/talmai/Devel/wlq/packages/wlq-api/src/room/getRoom.ts": {"path":"/Users/talmai/Devel/wlq/packages/wlq-api/src/room/getRoom.ts","statementMap":{"0":{"start":{"line":3,"column":0},"end":{"line":3,"column":70}},"1":{"start":{"line":5,"column":16},"end":{"line":14,"column":1}},"2":{"start":{"line":9,"column":13},"end":{"line":9,"column":50}},"3":{"start":{"line":10,"column":2},"end":{"line":12,"column":null}},"4":{"start":{"line":11,"column":4},"end":{"line":11,"column":null}},"5":{"start":{"line":13,"column":2},"end":{"line":13,"column":null}},"6":{"start":{"line":16,"column":0},"end":{"line":16,"column":null}}},"fnMap":{"0":{"name":"(anonymous_0)","decl":{"start":{"line":5,"column":16},"end":{"line":5,"column":21}},"loc":{"start":{"line":8,"column":48},"end":{"line":14,"column":1}}}},"branchMap":{"0":{"loc":{"start":{"line":10,"column":2},"end":{"line":12,"column":null}},"type":"if","locations":[{"start":{"line":10,"column":2},"end":{"line":12,"column":null}},{"start":{"line":10,"column":2},"end":{"line":12,"column":null}}]}},"s":{"0":1,"1":1,"2":2,"3":2,"4":1,"5":1,"6":1},"f":{"0":2},"b":{"0":[1,1]}}
,"/Users/talmai/Devel/wlq/packages/wlq-api/src/room/joinRoom.ts": {"path":"/Users/talmai/Devel/wlq/packages/wlq-api/src/room/joinRoom.ts","statementMap":{"0":{"start":{"line":1,"column":0},"end":{"line":1,"column":null}},"1":{"start":{"line":6,"column":0},"end":{"line":6,"column":61}},"2":{"start":{"line":14,"column":0},"end":{"line":14,"column":43}},"3":{"start":{"line":15,"column":0},"end":{"line":15,"column":77}},"4":{"start":{"line":18,"column":17},"end":{"line":85,"column":1}},"5":{"start":{"line":32,"column":4},"end":{"line":37,"column":null}},"6":{"start":{"line":33,"column":6},"end":{"line":33,"column":null}},"7":{"start":{"line":34,"column":6},"end":{"line":34,"column":null}},"8":{"start":{"line":36,"column":6},"end":{"line":36,"column":null}},"9":{"start":{"line":40,"column":17},"end":{"line":40,"column":41}},"10":{"start":{"line":42,"column":4},"end":{"line":82,"column":null}},"11":{"start":{"line":44,"column":6},"end":{"line":44,"column":null}},"12":{"start":{"line":45,"column":22},"end":{"line":45,"column":54}},"13":{"start":{"line":48,"column":26},"end":{"line":53,"column":8}},"14":{"start":{"line":54,"column":6},"end":{"line":54,"column":null}},"15":{"start":{"line":55,"column":6},"end":{"line":55,"column":null}},"16":{"start":{"line":56,"column":31},"end":{"line":56,"column":70}},"17":{"start":{"line":59,"column":6},"end":{"line":59,"column":null}},"18":{"start":{"line":60,"column":6},"end":{"line":67,"column":null}},"19":{"start":{"line":70,"column":6},"end":{"line":70,"column":null}},"20":{"start":{"line":71,"column":54},"end":{"line":74,"column":null}},"21":{"start":{"line":75,"column":6},"end":{"line":78,"column":null}},"22":{"start":{"line":77,"column":21},"end":{"line":77,"column":52}},"23":{"start":{"line":78,"column":19},"end":{"line":78,"column":60}},"24":{"start":{"line":81,"column":6},"end":{"line":81,"column":null}},"25":{"start":{"line":84,"column":2},"end":{"line":84,"column":null}},"26":{"start":{"line":87,"column":0},"end":{"line":87,"column":null}}},"fnMap":{"0":{"name":"(anonymous_0)","decl":{"start":{"line":18,"column":17},"end":{"line":18,"column":null}},"loc":{"start":{"line":23,"column":44},"end":{"line":85,"column":1}}},"1":{"name":"joinRoomIterableFunction","decl":{"start":{"line":24,"column":18},"end":{"line":24,"column":42}},"loc":{"start":{"line":29,"column":3},"end":{"line":83,"column":3}}},"2":{"name":"(anonymous_2)","decl":{"start":{"line":77,"column":16},"end":{"line":77,"column":17}},"loc":{"start":{"line":77,"column":21},"end":{"line":77,"column":52}}},"3":{"name":"(anonymous_3)","decl":{"start":{"line":78,"column":13},"end":{"line":78,"column":14}},"loc":{"start":{"line":78,"column":19},"end":{"line":78,"column":60}}}},"branchMap":{"0":{"loc":{"start":{"line":42,"column":4},"end":{"line":82,"column":null}},"type":"if","locations":[{"start":{"line":42,"column":4},"end":{"line":82,"column":null}},{"start":{"line":42,"column":4},"end":{"line":82,"column":null}}]}},"s":{"0":1,"1":1,"2":1,"3":1,"4":1,"5":3,"6":3,"7":3,"8":1,"9":2,"10":2,"11":1,"12":1,"13":0,"14":0,"15":0,"16":0,"17":0,"18":0,"19":0,"20":0,"21":0,"22":0,"23":0,"24":1,"25":3,"26":1},"f":{"0":3,"1":3,"2":0,"3":0},"b":{"0":[1,1]}}
}
